SF:lib\domain\usecases\search_movies.dart
DA:9,1
DA:11,1
DA:12,2
LF:3
LH:3
end_of_record
SF:lib\domain\usecases\search_tv_series.dart
DA:9,1
DA:11,1
DA:12,2
LF:3
LH:3
end_of_record
SF:lib\presentation\bloc\search_movie_state.dart
DA:4,1
DA:6,1
DA:7,1
DA:17,1
DA:19,1
DA:20,2
DA:26,0
DA:28,0
DA:29,0
DA:35,1
DA:37,1
DA:38,2
LF:12
LH:9
end_of_record
SF:lib\presentation\bloc\search_movie_event.dart
DA:4,1
DA:6,0
DA:7,0
DA:13,1
DA:15,0
DA:16,0
LF:6
LH:2
end_of_record
SF:lib\presentation\bloc\search_movie_bloc.dart
DA:13,3
DA:16,1
DA:19,1
DA:20,1
DA:22,1
DA:23,0
DA:25,2
DA:26,3
DA:28,2
DA:29,1
DA:30,3
DA:32,1
DA:33,1
DA:34,0
DA:36,2
DA:44,1
DA:49,1
DA:50,1
LF:18
LH:16
end_of_record
SF:lib\presentation\bloc\search_tv_series_state.dart
DA:4,1
DA:6,1
DA:7,1
DA:17,1
DA:19,1
DA:20,2
DA:26,0
DA:28,0
DA:29,0
DA:35,1
DA:37,1
DA:38,2
LF:12
LH:9
end_of_record
SF:lib\presentation\bloc\search_tv_series_event.dart
DA:4,1
DA:6,0
DA:7,0
DA:13,1
DA:15,0
DA:16,0
LF:6
LH:2
end_of_record
SF:lib\presentation\bloc\search_tv_series_bloc.dart
DA:14,3
DA:17,1
DA:20,1
DA:21,1
DA:23,1
DA:24,0
DA:26,2
DA:27,3
DA:29,2
DA:30,1
DA:31,3
DA:33,1
DA:34,1
DA:35,0
DA:37,2
DA:45,1
DA:50,1
DA:51,1
LF:18
LH:16
end_of_record
